<?xml version="1.0" encoding="utf-8"?><testsuites name="pytest tests"><testsuite name="pytest" errors="0" failures="0" skipped="0" tests="16" time="19.143" timestamp="2026-07-16T09:28:23.610664+00:00" hostname="agent-env-3fcbec2a-c365-4f3f-980e-97d1af872858"><testcase classname="backend.tests.test_otterly_api.TestHealth" name="test_root" time="0.275" /><testcase classname="backend.tests.test_otterly_api.TestTasks" name="test_create_task" time="0.055" /><testcase classname="backend.tests.test_otterly_api.TestTasks" name="test_list_tasks" time="0.047" /><testcase classname="backend.tests.test_otterly_api.TestTasks" name="test_delete_task" time="0.143" /><testcase classname="backend.tests.test_otterly_api.TestShrink" name="test_shrink_medium" time="8.855" /><testcase classname="backend.tests.test_otterly_api.TestShrink" name="test_steps_persisted" time="0.049" /><testcase classname="backend.tests.test_otterly_api.TestStepToggleAndStreak" name="test_streak_before" time="2.723" /><testcase classname="backend.tests.test_otterly_api.TestStepToggleAndStreak" name="test_toggle_done" time="0.070" /><testcase classname="backend.tests.test_otterly_api.TestStepToggleAndStreak" name="test_streak_increments" time="0.047" /><testcase classname="backend.tests.test_otterly_api.TestStepToggleAndStreak" name="test_toggle_undone" time="0.046" /><testcase classname="backend.tests.test_otterly_api.TestNext" name="test_next_low" time="1.595" /><testcase classname="backend.tests.test_otterly_api.TestNext" name="test_next_good" time="2.017" /><testcase classname="backend.tests.test_otterly_api.TestBraindump" name="test_braindump_paragraph" time="1.507" /><testcase classname="backend.tests.test_otterly_api.TestBraindump" name="test_braindump_empty" time="0.056" /><testcase classname="backend.tests.test_otterly_api.TestRoom" name="test_room_send" time="1.310" /><testcase classname="backend.tests.test_otterly_api.TestRoom" name="test_room_history" time="0.281" /></testsuite></testsuites>