<?xml version="1.0" encoding="utf-8"?><testsuites name="pytest tests"><testsuite name="pytest" errors="0" failures="0" skipped="0" tests="16" time="38.537" timestamp="2026-07-16T10:05:13.510602+00:00" hostname="agent-env-3fcbec2a-c365-4f3f-980e-97d1af872858"><testcase classname="backend.tests.test_otterly_api.TestHealth" name="test_root" time="0.221" /><testcase classname="backend.tests.test_otterly_api.TestIdentityGating" name="test_tasks_missing_identity_401" time="0.053" /><testcase classname="backend.tests.test_otterly_api.TestIdentityGating" name="test_access_missing_identity_401" time="0.056" /><testcase classname="backend.tests.test_otterly_api.TestIdentityGating" name="test_anonymous_device_id_works" time="0.054" /><testcase classname="backend.tests.test_otterly_api.TestAccess" name="test_access_anonymous_shape" time="0.051" /><testcase classname="backend.tests.test_otterly_api.TestAuthEndpoints" name="test_auth_me_no_token_401" time="0.055" /><testcase classname="backend.tests.test_otterly_api.TestAuthEndpoints" name="test_auth_me_bad_token_401" time="0.059" /><testcase classname="backend.tests.test_otterly_api.TestAuthEndpoints" name="test_auth_session_bad_token_401" time="2.595" /><testcase classname="backend.tests.test_otterly_api.TestAuthEndpoints" name="test_auth_logout_always_ok" time="0.055" /><testcase classname="backend.tests.test_otterly_api.TestWebhook" name="test_no_signature_401" time="0.053" /><testcase classname="backend.tests.test_otterly_api.TestWebhook" name="test_bad_signature_401" time="0.053" /><testcase classname="backend.tests.test_otterly_api.TestWebhook" name="test_valid_signature_upserts_entitlement" time="0.053" /><testcase classname="backend.tests.test_otterly_api.TestDataIsolation" name="test_devices_isolated" time="0.324" /><testcase classname="backend.tests.test_otterly_api.TestRateLimits" name="test_shrink_rate_limit" time="8.011" /><testcase classname="backend.tests.test_otterly_api.TestDeepShrink" name="test_deep_shrink_402_for_non_premium" time="0.106" /><testcase classname="backend.tests.test_otterly_api.TestPremiumBypasses" name="test_premium_unlimited_shrink" time="26.672" /></testsuite></testsuites>